2025-10-28T00:52:25.239-03:00  INFO 19600 --- [sistema-estacionamiento] [main] c.p.SistemaEstacionamientoApplication    : Starting SistemaEstacionamientoApplication using Java 17.0.12 with PID 19600 (C:\Users\Patricio\OneDrive\Escritorio\PatoProyectos\sistema-estacionamiento\target\classes started by Patricio in C:\Users\Patricio\OneDrive\Escritorio\PatoProyectos\sistema-estacionamiento)
2025-10-28T00:52:25.252-03:00  INFO 19600 --- [sistema-estacionamiento] [main] c.p.SistemaEstacionamientoApplication    : No active profile set, falling back to 1 default profile: "prod"
2025-10-28T00:52:26.829-03:00  INFO 19600 --- [sistema-estacionamiento] [main] .s.d.r.c.RepositoryConfigurationDelegate : Bootstrapping Spring Data JPA repositories in DEFAULT mode.
2025-10-28T00:52:26.951-03:00  INFO 19600 --- [sistema-estacionamiento] [main] .s.d.r.c.RepositoryConfigurationDelegate : Finished Spring Data repository scanning in 106 ms. Found 3 JPA repository interfaces.
2025-10-28T00:52:28.716-03:00  INFO 19600 --- [sistema-estacionamiento] [main] o.s.b.w.embedded.tomcat.TomcatWebServer  : Tomcat initialized with port 8082 (http)
2025-10-28T00:52:28.737-03:00  INFO 19600 --- [sistema-estacionamiento] [main] o.apache.catalina.core.StandardService   : Starting service [Tomcat]
2025-10-28T00:52:28.737-03:00  INFO 19600 --- [sistema-estacionamiento] [main] o.apache.catalina.core.StandardEngine    : Starting Servlet engine: [Apache Tomcat/10.1.26]
2025-10-28T00:52:28.881-03:00  INFO 19600 --- [sistema-estacionamiento] [main] o.a.c.c.C.[Tomcat].[localhost].[/]       : Initializing Spring embedded WebApplicationContext
2025-10-28T00:52:28.881-03:00  INFO 19600 --- [sistema-estacionamiento] [main] w.s.c.ServletWebServerApplicationContext : Root WebApplicationContext: initialization completed in 3550 ms
2025-10-28T00:52:29.165-03:00  INFO 19600 --- [sistema-estacionamiento] [main] com.zaxxer.hikari.HikariDataSource       : HikariPool-1 - Starting...
2025-10-28T00:52:31.182-03:00  INFO 19600 --- [sistema-estacionamiento] [main] com.zaxxer.hikari.pool.HikariPool        : HikariPool-1 - Added connection com.mysql.cj.jdbc.ConnectionImpl@6c538eb2
2025-10-28T00:52:31.185-03:00  INFO 19600 --- [sistema-estacionamiento] [main] com.zaxxer.hikari.HikariDataSource       : HikariPool-1 - Start completed.
2025-10-28T00:52:31.246-03:00  INFO 19600 --- [sistema-estacionamiento] [main] o.hibernate.jpa.internal.util.LogHelper  : HHH000204: Processing PersistenceUnitInfo [name: default]
2025-10-28T00:52:31.398-03:00  INFO 19600 --- [sistema-estacionamiento] [main] org.hibernate.Version                    : HHH000412: Hibernate ORM core version 6.5.2.Final
2025-10-28T00:52:31.489-03:00  INFO 19600 --- [sistema-estacionamiento] [main] o.h.c.internal.RegionFactoryInitiator    : HHH000026: Second-level cache disabled
2025-10-28T00:52:32.135-03:00  INFO 19600 --- [sistema-estacionamiento] [main] o.s.o.j.p.SpringPersistenceUnitInfo      : No LoadTimeWeaver setup: ignoring JPA class transformer
2025-10-28T00:52:34.162-03:00  INFO 19600 --- [sistema-estacionamiento] [main] o.h.e.t.j.p.i.JtaPlatformInitiator       : HHH000489: No JTA platform available (set 'hibernate.transaction.jta.platform' to enable JTA platform integration)
2025-10-28T00:52:34.166-03:00  INFO 19600 --- [sistema-estacionamiento] [main] j.LocalContainerEntityManagerFactoryBean : Initialized JPA EntityManagerFactory for persistence unit 'default'
2025-10-28T00:52:35.069-03:00  WARN 19600 --- [sistema-estacionamiento] [main] JpaBaseConfiguration$JpaWebConfiguration : spring.jpa.open-in-view is enabled by default. Therefore, database queries may be performed during view rendering. Explicitly configure spring.jpa.open-in-view to disable this warning
2025-10-28T00:52:35.801-03:00  INFO 19600 --- [sistema-estacionamiento] [main] o.s.b.w.embedded.tomcat.TomcatWebServer  : Tomcat started on port 8082 (http) with context path '/'
2025-10-28T00:52:35.822-03:00  INFO 19600 --- [sistema-estacionamiento] [main] c.p.SistemaEstacionamientoApplication    : Started SistemaEstacionamientoApplication in 11.391 seconds (process running for 12.056)
2025-10-28T00:52:38.692-03:00  INFO 19600 --- [sistema-estacionamiento] [SpringApplicationShutdownHook] j.LocalContainerEntityManagerFactoryBean : Closing JPA EntityManagerFactory for persistence unit 'default'
2025-10-28T00:52:38.695-03:00  INFO 19600 --- [sistema-estacionamiento] [SpringApplicationShutdownHook] com.zaxxer.hikari.HikariDataSource       : HikariPool-1 - Shutdown initiated...
2025-10-28T00:52:39.439-03:00  INFO 19600 --- [sistema-estacionamiento] [SpringApplicationShutdownHook] com.zaxxer.hikari.HikariDataSource       : HikariPool-1 - Shutdown completed.
